<?xml version="1.0" encoding="UTF-8"?>
<testng-results ignored="0" total="2" passed="2" failed="0" skipped="0">
  <reporter-output>
  </reporter-output>
  <suite started-at="2022-12-27T11:56:53 IST" name="Default suite" finished-at="2022-12-27T11:57:03 IST" duration-ms="9383">
    <groups>
    </groups>
    <test started-at="2022-12-27T11:56:53 IST" name="Default test" finished-at="2022-12-27T11:57:03 IST" duration-ms="9383">
      <class name="com.testng.Testng_Practice">
        <test-method signature="apple()[pri:0, instance:com.testng.Testng_Practice@2fe88a09]" started-at="2022-12-27T11:56:53 IST" name="apple" finished-at="2022-12-27T11:57:02 IST" duration-ms="9111" status="PASS">
          <reporter-output>
          </reporter-output>
        </test-method> <!-- apple -->
        <test-method signature="book()[pri:0, instance:com.testng.Testng_Practice@2fe88a09]" started-at="2022-12-27T11:57:02 IST" name="book" finished-at="2022-12-27T11:57:03 IST" duration-ms="240" status="PASS">
          <reporter-output>
          </reporter-output>
        </test-method> <!-- book -->
      </class> <!-- com.testng.Testng_Practice -->
    </test> <!-- Default test -->
  </suite> <!-- Default suite -->
</testng-results>
